{"/Users/malanone/iut-expo-starter/data/stub.ts": {"path":"/Users/malanone/iut-expo-starter/data/stub.ts","statementMap":{"0":{"start":{"line":4,"column":35},"end":{"line":10,"column":1}},"1":{"start":{"line":13,"column":2},"end":{"line":13,"column":57}},"2":{"start":{"line":16,"column":2},"end":{"line":16,"column":46}},"3":{"start":{"line":18,"column":39},"end":{"line":44,"column":1}},"4":{"start":{"line":46,"column":33},"end":{"line":49,"column":1}},"5":{"start":{"line":47,"column":2},"end":{"line":47,"column":40}},"6":{"start":{"line":47,"column":30},"end":{"line":47,"column":40}},"7":{"start":{"line":48,"column":2},"end":{"line":48,"column":67}},"8":{"start":{"line":48,"column":36},"end":{"line":48,"column":62}}},"fnMap":{"0":{"name":"(anonymous_0)","decl":{"start":{"line":46,"column":33},"end":{"line":46,"column":34}},"loc":{"start":{"line":46,"column":55},"end":{"line":49,"column":1}},"line":46},"1":{"name":"(anonymous_1)","decl":{"start":{"line":48,"column":29},"end":{"line":48,"column":30}},"loc":{"start":{"line":48,"column":36},"end":{"line":48,"column":62}},"line":48}},"branchMap":{"0":{"loc":{"start":{"line":47,"column":2},"end":{"line":47,"column":40}},"type":"if","locations":[{"start":{"line":47,"column":2},"end":{"line":47,"column":40}},{"start":{},"end":{}}],"line":47}},"s":{"0":1,"1":1,"2":1,"3":1,"4":1,"5":0,"6":0,"7":0,"8":0},"f":{"0":0,"1":0},"b":{"0":[0,0]},"_coverageSchema":"1a1c01bbd47fc00a2c39e90264f33305004495a9","hash":"d80689513bce24d4afda2f32d58375ade11dd1d8"}
,"/Users/malanone/iut-expo-starter/redux/constants.ts": {"path":"/Users/malanone/iut-expo-starter/redux/constants.ts","statementMap":{"0":{"start":{"line":1,"column":32},"end":{"line":1,"column":50}},"1":{"start":{"line":2,"column":31},"end":{"line":2,"column":48}},"2":{"start":{"line":3,"column":33},"end":{"line":3,"column":52}},"3":{"start":{"line":4,"column":33},"end":{"line":4,"column":52}}},"fnMap":{},"branchMap":{},"s":{"0":2,"1":2,"2":2,"3":2},"f":{},"b":{},"_coverageSchema":"1a1c01bbd47fc00a2c39e90264f33305004495a9","hash":"0fad1e3359adac5df60c05b1ea8ea0f4e067aba2"}
,"/Users/malanone/iut-expo-starter/redux/actions/actionMeteoApi.ts": {"path":"/Users/malanone/iut-expo-starter/redux/actions/actionMeteoApi.ts","statementMap":{"0":{"start":{"line":4,"column":26},"end":{"line":9,"column":1}},"1":{"start":{"line":5,"column":4},"end":{"line":8,"column":6}}},"fnMap":{"0":{"name":"(anonymous_0)","decl":{"start":{"line":4,"column":26},"end":{"line":4,"column":27}},"loc":{"start":{"line":4,"column":41},"end":{"line":9,"column":1}},"line":4}},"branchMap":{},"s":{"0":1,"1":1},"f":{"0":1},"b":{},"_coverageSchema":"1a1c01bbd47fc00a2c39e90264f33305004495a9","hash":"d4807957d4961fa74b1266bab4021f45ef426a34"}
,"/Users/malanone/iut-expo-starter/redux/actions/actionRechercheVille.ts": {"path":"/Users/malanone/iut-expo-starter/redux/actions/actionRechercheVille.ts","statementMap":{"0":{"start":{"line":3,"column":32},"end":{"line":8,"column":1}},"1":{"start":{"line":4,"column":4},"end":{"line":7,"column":6}}},"fnMap":{"0":{"name":"(anonymous_0)","decl":{"start":{"line":3,"column":32},"end":{"line":3,"column":33}},"loc":{"start":{"line":3,"column":52},"end":{"line":8,"column":1}},"line":3}},"branchMap":{},"s":{"0":1,"1":1},"f":{"0":1},"b":{},"_coverageSchema":"1a1c01bbd47fc00a2c39e90264f33305004495a9","hash":"b5393bd75eb994e9da36acea779f11b03172e41f"}
,"/Users/malanone/iut-expo-starter/redux/actions/actionRecupVille.ts": {"path":"/Users/malanone/iut-expo-starter/redux/actions/actionRecupVille.ts","statementMap":{"0":{"start":{"line":4,"column":29},"end":{"line":9,"column":1}},"1":{"start":{"line":5,"column":4},"end":{"line":8,"column":6}}},"fnMap":{"0":{"name":"(anonymous_0)","decl":{"start":{"line":4,"column":29},"end":{"line":4,"column":30}},"loc":{"start":{"line":4,"column":53},"end":{"line":9,"column":1}},"line":4}},"branchMap":{},"s":{"0":1,"1":1},"f":{"0":1},"b":{},"_coverageSchema":"1a1c01bbd47fc00a2c39e90264f33305004495a9","hash":"ca4c73dd2264250ae6f6bad6396ebd057c868191"}
,"/Users/malanone/iut-expo-starter/redux/reducers/appReducer.ts": {"path":"/Users/malanone/iut-expo-starter/redux/reducers/appReducer.ts","statementMap":{"0":{"start":{"line":4,"column":21},"end":{"line":7,"column":1}},"1":{"start":{"line":11,"column":4},"end":{"line":23,"column":5}},"2":{"start":{"line":13,"column":12},"end":{"line":13,"column":53}},"3":{"start":{"line":15,"column":12},"end":{"line":15,"column":54}},"4":{"start":{"line":17,"column":12},"end":{"line":17,"column":53}},"5":{"start":{"line":19,"column":12},"end":{"line":19,"column":140}},"6":{"start":{"line":20,"column":12},"end":{"line":20,"column":54}},"7":{"start":{"line":22,"column":12},"end":{"line":22,"column":25}}},"fnMap":{"0":{"name":"(anonymous_0)","decl":{"start":{"line":10,"column":28},"end":{"line":10,"column":29}},"loc":{"start":{"line":10,"column":62},"end":{"line":24,"column":1}},"line":10}},"branchMap":{"0":{"loc":{"start":{"line":10,"column":29},"end":{"line":10,"column":49}},"type":"default-arg","locations":[{"start":{"line":10,"column":37},"end":{"line":10,"column":49}}],"line":10},"1":{"loc":{"start":{"line":11,"column":4},"end":{"line":23,"column":5}},"type":"switch","locations":[{"start":{"line":12,"column":8},"end":{"line":13,"column":53}},{"start":{"line":14,"column":8},"end":{"line":15,"column":54}},{"start":{"line":16,"column":8},"end":{"line":17,"column":53}},{"start":{"line":18,"column":8},"end":{"line":20,"column":54}},{"start":{"line":21,"column":8},"end":{"line":22,"column":25}}],"line":11}},"s":{"0":1,"1":4,"2":1,"3":1,"4":1,"5":1,"6":1,"7":0},"f":{"0":4},"b":{"0":[0],"1":[1,1,1,1,0]},"_coverageSchema":"1a1c01bbd47fc00a2c39e90264f33305004495a9","hash":"c971ec4bcee0b4219d452bc60956e497c2074bd7"}
,"/Users/malanone/iut-expo-starter/src/model/City.tsx": {"path":"/Users/malanone/iut-expo-starter/src/model/City.tsx","statementMap":{"0":{"start":{"line":8,"column":6},"end":{"line":8,"column":24}},"1":{"start":{"line":9,"column":6},"end":{"line":9,"column":32}},"2":{"start":{"line":10,"column":6},"end":{"line":10,"column":34}},"3":{"start":{"line":11,"column":6},"end":{"line":11,"column":24}},"4":{"start":{"line":15,"column":6},"end":{"line":15,"column":24}},"5":{"start":{"line":19,"column":6},"end":{"line":19,"column":25}},"6":{"start":{"line":23,"column":6},"end":{"line":23,"column":28}},"7":{"start":{"line":27,"column":6},"end":{"line":27,"column":29}},"8":{"start":{"line":31,"column":6},"end":{"line":31,"column":29}},"9":{"start":{"line":35,"column":6},"end":{"line":35,"column":30}},"10":{"start":{"line":39,"column":6},"end":{"line":39,"column":24}},"11":{"start":{"line":43,"column":6},"end":{"line":43,"column":25}}},"fnMap":{"0":{"name":"(anonymous_0)","decl":{"start":{"line":7,"column":4},"end":{"line":7,"column":5}},"loc":{"start":{"line":7,"column":81},"end":{"line":12,"column":5}},"line":7},"1":{"name":"(anonymous_1)","decl":{"start":{"line":14,"column":4},"end":{"line":14,"column":5}},"loc":{"start":{"line":14,"column":23},"end":{"line":16,"column":5}},"line":14},"2":{"name":"(anonymous_2)","decl":{"start":{"line":18,"column":4},"end":{"line":18,"column":5}},"loc":{"start":{"line":18,"column":28},"end":{"line":20,"column":5}},"line":18},"3":{"name":"(anonymous_3)","decl":{"start":{"line":22,"column":4},"end":{"line":22,"column":5}},"loc":{"start":{"line":22,"column":27},"end":{"line":24,"column":5}},"line":22},"4":{"name":"(anonymous_4)","decl":{"start":{"line":26,"column":4},"end":{"line":26,"column":5}},"loc":{"start":{"line":26,"column":32},"end":{"line":28,"column":5}},"line":26},"5":{"name":"(anonymous_5)","decl":{"start":{"line":30,"column":4},"end":{"line":30,"column":5}},"loc":{"start":{"line":30,"column":28},"end":{"line":32,"column":5}},"line":30},"6":{"name":"(anonymous_6)","decl":{"start":{"line":34,"column":4},"end":{"line":34,"column":5}},"loc":{"start":{"line":34,"column":33},"end":{"line":36,"column":5}},"line":34},"7":{"name":"(anonymous_7)","decl":{"start":{"line":38,"column":4},"end":{"line":38,"column":5}},"loc":{"start":{"line":38,"column":23},"end":{"line":40,"column":5}},"line":38},"8":{"name":"(anonymous_8)","decl":{"start":{"line":42,"column":4},"end":{"line":42,"column":5}},"loc":{"start":{"line":42,"column":28},"end":{"line":44,"column":5}},"line":42}},"branchMap":{},"s":{"0":17,"1":17,"2":17,"3":17,"4":2,"5":1,"6":2,"7":1,"8":2,"9":1,"10":2,"11":1},"f":{"0":17,"1":2,"2":1,"3":2,"4":1,"5":2,"6":1,"7":2,"8":1},"b":{},"_coverageSchema":"1a1c01bbd47fc00a2c39e90264f33305004495a9","hash":"938ce820b1d3ad5fed575619294dfef84fb79092"}
,"/Users/malanone/iut-expo-starter/src/model/Weather.tsx": {"path":"/Users/malanone/iut-expo-starter/src/model/Weather.tsx","statementMap":{"0":{"start":{"line":16,"column":6},"end":{"line":16,"column":20}},"1":{"start":{"line":17,"column":6},"end":{"line":17,"column":36}},"2":{"start":{"line":18,"column":6},"end":{"line":18,"column":38}},"3":{"start":{"line":19,"column":6},"end":{"line":19,"column":52}},"4":{"start":{"line":20,"column":6},"end":{"line":20,"column":38}},"5":{"start":{"line":21,"column":6},"end":{"line":21,"column":56}},"6":{"start":{"line":22,"column":6},"end":{"line":22,"column":32}},"7":{"start":{"line":23,"column":6},"end":{"line":23,"column":34}},"8":{"start":{"line":24,"column":6},"end":{"line":24,"column":32}},"9":{"start":{"line":25,"column":6},"end":{"line":25,"column":24}},"10":{"start":{"line":29,"column":6},"end":{"line":29,"column":22}},"11":{"start":{"line":33,"column":6},"end":{"line":33,"column":23}},"12":{"start":{"line":37,"column":6},"end":{"line":37,"column":30}},"13":{"start":{"line":41,"column":6},"end":{"line":41,"column":31}},"14":{"start":{"line":45,"column":6},"end":{"line":45,"column":31}},"15":{"start":{"line":49,"column":6},"end":{"line":49,"column":32}},"16":{"start":{"line":53,"column":6},"end":{"line":53,"column":38}},"17":{"start":{"line":57,"column":6},"end":{"line":57,"column":39}},"18":{"start":{"line":61,"column":6},"end":{"line":61,"column":31}},"19":{"start":{"line":65,"column":6},"end":{"line":65,"column":32}},"20":{"start":{"line":69,"column":6},"end":{"line":69,"column":40}},"21":{"start":{"line":73,"column":6},"end":{"line":73,"column":41}},"22":{"start":{"line":77,"column":6},"end":{"line":77,"column":28}},"23":{"start":{"line":81,"column":6},"end":{"line":81,"column":29}},"24":{"start":{"line":85,"column":6},"end":{"line":85,"column":29}},"25":{"start":{"line":89,"column":6},"end":{"line":89,"column":30}},"26":{"start":{"line":93,"column":6},"end":{"line":93,"column":28}},"27":{"start":{"line":97,"column":6},"end":{"line":97,"column":29}},"28":{"start":{"line":101,"column":6},"end":{"line":101,"column":24}},"29":{"start":{"line":105,"column":6},"end":{"line":105,"column":25}}},"fnMap":{"0":{"name":"(anonymous_0)","decl":{"start":{"line":15,"column":4},"end":{"line":15,"column":5}},"loc":{"start":{"line":15,"column":215},"end":{"line":26,"column":5}},"line":15},"1":{"name":"(anonymous_1)","decl":{"start":{"line":28,"column":4},"end":{"line":28,"column":5}},"loc":{"start":{"line":28,"column":21},"end":{"line":30,"column":5}},"line":28},"2":{"name":"(anonymous_2)","decl":{"start":{"line":32,"column":4},"end":{"line":32,"column":5}},"loc":{"start":{"line":32,"column":26},"end":{"line":34,"column":5}},"line":32},"3":{"name":"(anonymous_3)","decl":{"start":{"line":36,"column":4},"end":{"line":36,"column":5}},"loc":{"start":{"line":36,"column":29},"end":{"line":38,"column":5}},"line":36},"4":{"name":"(anonymous_4)","decl":{"start":{"line":40,"column":4},"end":{"line":40,"column":5}},"loc":{"start":{"line":40,"column":34},"end":{"line":42,"column":5}},"line":40},"5":{"name":"(anonymous_5)","decl":{"start":{"line":44,"column":4},"end":{"line":44,"column":5}},"loc":{"start":{"line":44,"column":30},"end":{"line":46,"column":5}},"line":44},"6":{"name":"(anonymous_6)","decl":{"start":{"line":48,"column":4},"end":{"line":48,"column":5}},"loc":{"start":{"line":48,"column":35},"end":{"line":50,"column":5}},"line":48},"7":{"name":"(anonymous_7)","decl":{"start":{"line":52,"column":4},"end":{"line":52,"column":5}},"loc":{"start":{"line":52,"column":37},"end":{"line":54,"column":5}},"line":52},"8":{"name":"(anonymous_8)","decl":{"start":{"line":56,"column":4},"end":{"line":56,"column":5}},"loc":{"start":{"line":56,"column":42},"end":{"line":58,"column":5}},"line":56},"9":{"name":"(anonymous_9)","decl":{"start":{"line":60,"column":4},"end":{"line":60,"column":5}},"loc":{"start":{"line":60,"column":30},"end":{"line":62,"column":5}},"line":60},"10":{"name":"(anonymous_10)","decl":{"start":{"line":64,"column":4},"end":{"line":64,"column":5}},"loc":{"start":{"line":64,"column":35},"end":{"line":66,"column":5}},"line":64},"11":{"name":"(anonymous_11)","decl":{"start":{"line":68,"column":4},"end":{"line":68,"column":5}},"loc":{"start":{"line":68,"column":39},"end":{"line":70,"column":5}},"line":68},"12":{"name":"(anonymous_12)","decl":{"start":{"line":72,"column":4},"end":{"line":72,"column":5}},"loc":{"start":{"line":72,"column":44},"end":{"line":74,"column":5}},"line":72},"13":{"name":"(anonymous_13)","decl":{"start":{"line":76,"column":4},"end":{"line":76,"column":5}},"loc":{"start":{"line":76,"column":27},"end":{"line":78,"column":5}},"line":76},"14":{"name":"(anonymous_14)","decl":{"start":{"line":80,"column":4},"end":{"line":80,"column":5}},"loc":{"start":{"line":80,"column":32},"end":{"line":82,"column":5}},"line":80},"15":{"name":"(anonymous_15)","decl":{"start":{"line":84,"column":4},"end":{"line":84,"column":5}},"loc":{"start":{"line":84,"column":28},"end":{"line":86,"column":5}},"line":84},"16":{"name":"(anonymous_16)","decl":{"start":{"line":88,"column":4},"end":{"line":88,"column":5}},"loc":{"start":{"line":88,"column":33},"end":{"line":90,"column":5}},"line":88},"17":{"name":"(anonymous_17)","decl":{"start":{"line":92,"column":4},"end":{"line":92,"column":5}},"loc":{"start":{"line":92,"column":27},"end":{"line":94,"column":5}},"line":92},"18":{"name":"(anonymous_18)","decl":{"start":{"line":96,"column":4},"end":{"line":96,"column":5}},"loc":{"start":{"line":96,"column":32},"end":{"line":98,"column":5}},"line":96},"19":{"name":"(anonymous_19)","decl":{"start":{"line":100,"column":4},"end":{"line":100,"column":5}},"loc":{"start":{"line":100,"column":21},"end":{"line":102,"column":5}},"line":100},"20":{"name":"(anonymous_20)","decl":{"start":{"line":104,"column":4},"end":{"line":104,"column":5}},"loc":{"start":{"line":104,"column":26},"end":{"line":106,"column":5}},"line":104}},"branchMap":{},"s":{"0":6,"1":6,"2":6,"3":6,"4":6,"5":6,"6":6,"7":6,"8":6,"9":6,"10":1,"11":1,"12":1,"13":1,"14":1,"15":1,"16":1,"17":1,"18":1,"19":1,"20":1,"21":1,"22":1,"23":1,"24":1,"25":1,"26":1,"27":1,"28":1,"29":1},"f":{"0":6,"1":1,"2":1,"3":1,"4":1,"5":1,"6":1,"7":1,"8":1,"9":1,"10":1,"11":1,"12":1,"13":1,"14":1,"15":1,"16":1,"17":1,"18":1,"19":1,"20":1},"b":{},"_coverageSchema":"1a1c01bbd47fc00a2c39e90264f33305004495a9","hash":"677313d47daf6d94214cef97c3d7bfa44f318136"}
}
